<?xml version="1.0" encoding="UTF-8"?>
<testng-results skipped="0" failed="0" total="1" passed="1">
  <reporter-output>
  </reporter-output>
  <suite name="Default suite" duration-ms="10223" started-at="2014-08-02T05:30:10Z" finished-at="2014-08-02T05:30:21Z">
    <groups>
    </groups>
    <test name="Default test" duration-ms="10223" started-at="2014-08-02T05:30:10Z" finished-at="2014-08-02T05:30:21Z">
      <class name="TestModule1.TestMavenSureFirePlugin">
        <test-method status="PASS" signature="beforeClass()[pri:0, instance:TestModule1.TestMavenSureFirePlugin@36263003]" name="beforeClass" is-config="true" duration-ms="2989" started-at="2014-08-02T13:30:10Z" finished-at="2014-08-02T13:30:13Z">
          <reporter-output>
          </reporter-output>
        </test-method> <!-- beforeClass -->
        <test-method status="PASS" signature="start()[pri:0, instance:TestModule1.TestMavenSureFirePlugin@36263003]" name="start" duration-ms="5971" started-at="2014-08-02T13:30:13Z" finished-at="2014-08-02T13:30:19Z">
          <reporter-output>
          </reporter-output>
        </test-method> <!-- start -->
        <test-method status="PASS" signature="quit()[pri:0, instance:TestModule1.TestMavenSureFirePlugin@36263003]" name="quit" is-config="true" duration-ms="1252" started-at="2014-08-02T13:30:19Z" finished-at="2014-08-02T13:30:21Z">
          <reporter-output>
          </reporter-output>
        </test-method> <!-- quit -->
      </class> <!-- TestModule1.TestMavenSureFirePlugin -->
    </test> <!-- Default test -->
  </suite> <!-- Default suite -->
</testng-results>
